Building DAG of jobs...
Using shell: /bin/bash
Provided cores: 1
Rules claiming more threads will be scaled down.
Job counts:
	count	jobs
	1	kallisto_index
	1

[Fri Dec  7 02:39:00 2018]
rule kallisto_index:
    input: Tests/ref/genome.chr21.fa
    output: genome.idx
    jobid: 0

[Fri Dec  7 02:39:00 2018]
Error in rule kallisto_index:
    jobid: 0
    output: genome.idx

RuleException:
CalledProcessError in line 9 of /home/hatim/bioinf/FPBioinformatik/Snakefile:
Command ' set -euo pipefail;  kallisto index -i genome.idx Tests/ref/genome.chr21.fa ' returned non-zero exit status 127.
  File "/home/hatim/bioinf/FPBioinformatik/Snakefile", line 9, in __rule_kallisto_index
  File "/home/hatim/miniconda3/lib/python3.6/concurrent/futures/thread.py", line 56, in run
Shutting down, this might take some time.
Exiting because a job execution failed. Look above for error message
Complete log: /home/hatim/bioinf/FPBioinformatik/.snakemake/log/2018-12-07T023900.371303.snakemake.log
