Building DAG of jobs...
Creating conda environment envs/sleuth.yaml...
Downloading remote packages.
Environment for envs/sleuth.yaml created (location: .snakemake/conda/7bf80ada)
Using shell: /usr/bin/bash
Provided cores: 1
Rules claiming more threads will be scaled down.
Job counts:
	count	jobs
	1	sleuth_lrt
	1

[Thu Dec 20 15:48:01 2018]
rule sleuth_lrt:
    input: quantOutput
    output: Rplots.pdf
    jobid: 0

Activating conda environment: /home/dickel00/FP/Bioinfo/FPBioinformatik/.snakemake/conda/7bf80ada
[Thu Dec 20 15:48:10 2018]
Finished job 0.
1 of 1 steps (100%) done
Complete log: /home/dickel00/FP/Bioinfo/FPBioinformatik/.snakemake/log/2018-12-20T154653.720648.snakemake.log
