Building DAG of jobs...
Using shell: /usr/bin/bash
Provided cores: 1
Rules claiming more threads will be scaled down.
Job counts:
	count	jobs
	2	kallisto_quant
	2

[Thu Dec 20 12:57:20 2018]
rule kallisto_quant:
    input: Tests/reads/b.chr21.1.fq, Tests/reads/b.chr21.2.fq, genome.idx
    output: quantOutput/b
    jobid: 0
    wildcards: sample=b

[Thu Dec 20 12:57:20 2018]
Finished job 0.
1 of 2 steps (50%) done

[Thu Dec 20 12:57:20 2018]
rule kallisto_quant:
    input: Tests/reads/a.chr21.1.fq, Tests/reads/a.chr21.2.fq, genome.idx
    output: quantOutput/a
    jobid: 1
    wildcards: sample=a

[Thu Dec 20 12:57:21 2018]
Finished job 1.
2 of 2 steps (100%) done
Complete log: /home/dickel00/FP/Bioinfo/FPBioinformatik/.snakemake/log/2018-12-20T125719.865589.snakemake.log
