Building DAG of jobs...
Using shell: /usr/bin/bash
Provided cores: 1
Rules claiming more threads will be scaled down.
Job counts:
	count	jobs
	1	kallisto_index
	1	kallisto_quant
	2

[Thu Dec 13 15:03:13 2018]
rule kallisto_index:
    input: Tests/ref/transcriptome.chr21.fa
    output: genome.idx
    jobid: 1

[Thu Dec 13 15:03:17 2018]
Finished job 1.
1 of 2 steps (50%) done

[Thu Dec 13 15:03:17 2018]
rule kallisto_quant:
    input: genome.idx, Tests/reads/a.chr21.1.fq, Tests/reads/a.chr21.2.fq
    output: quantOutput
    jobid: 0

[Thu Dec 13 15:03:17 2018]
Finished job 0.
2 of 2 steps (100%) done
Complete log: /home/dickel00/FP/Bioinfo/FPBioinformatik/.snakemake/log/2018-12-13T150313.732194.snakemake.log
