Building DAG of jobs...
Using shell: /usr/bin/bash
Provided cores: 1
Rules claiming more threads will be scaled down.
Job counts:
	count	jobs
	1	sleuth_lrt
	1

[Thu Dec 20 15:44:34 2018]
rule sleuth_lrt:
    input: quantOutput
    output: Rplots.pdf
    jobid: 0

Waiting at most 5 seconds for missing files.
MissingOutputException in line 35 of /home/dickel00/FP/Bioinfo/FPBioinformatik/Snakefile:
Missing files after 5 seconds:
Rplots.pdf
This might be due to filesystem latency. If that is the case, consider to increase the wait time with --latency-wait.
Shutting down, this might take some time.
Exiting because a job execution failed. Look above for error message
Complete log: /home/dickel00/FP/Bioinfo/FPBioinformatik/.snakemake/log/2018-12-20T154434.363335.snakemake.log
