Building DAG of jobs...
Using shell: /usr/bin/bash
Provided cores: 1
Rules claiming more threads will be scaled down.
Job counts:
	count	jobs
	1	kallisto_index
	1	kallisto_quant
	2

[Thu Dec 13 14:40:32 2018]
rule kallisto_index:
    input: Tests/ref/genome.chr21.fa
    output: genome.idx
    jobid: 1

[Thu Dec 13 14:42:12 2018]
Finished job 1.
1 of 2 steps (50%) done

[Thu Dec 13 14:42:12 2018]
rule kallisto_quant:
    input: genome.idx, Tests/reads/a.chr21.1.fq, Tests/reads/a.chr21.2.fq
    output: quantOutput
    jobid: 0

