Building DAG of jobs...
Using shell: /usr/bin/bash
Provided cores: 1
Rules claiming more threads will be scaled down.
Job counts:
	count	jobs
	1	kallisto_index
	1	kallisto_quant
	2

[Fri Dec  7 13:27:59 2018]
rule kallisto_index:
    input: Tests/ref/genome.chr21.fa
    output: genome.idx
    jobid: 1

Terminating processes on user request, this might take some time.
[Fri Dec  7 13:28:14 2018]
Error in rule kallisto_index:
    jobid: 1
    output: genome.idx

RuleException:
CalledProcessError in line 9 of /home/bouzia00/Bioinformatik/FPBioinformatik/Snakefile:
Command ' set -euo pipefail;  kallisto index -i genome.idx Tests/ref/genome.chr21.fa ' died with <Signals.SIGINT: 2>.
  File "/home/bouzia00/Bioinformatik/FPBioinformatik/Snakefile", line 9, in __rule_kallisto_index
  File "/home/bouzia00/miniconda3/lib/python3.6/concurrent/futures/thread.py", line 56, in run
Complete log: /home/bouzia00/Bioinformatik/FPBioinformatik/.snakemake/log/2018-12-07T132759.587857.snakemake.log
