Building DAG of jobs...
Using shell: /usr/bin/bash
Provided cores: 1
Rules claiming more threads will be scaled down.
Job counts:
	count	jobs
	1	kallisto_index
	2	kallisto_quant
	3

[Mon Dec 17 12:52:04 2018]
rule kallisto_index:
    input: Tests/ref/transcriptome.chr21.fa
    output: genome.idx
    jobid: 2

[Mon Dec 17 12:52:07 2018]
Finished job 2.
1 of 3 steps (33%) done

[Mon Dec 17 12:52:07 2018]
rule kallisto_quant:
    input: Tests/reads/b.chr21.1.fq, Tests/reads/b.chr21.2.fq, genome.idx
    output: quantOutput/b
    jobid: 1
    wildcards: sample=b

[Mon Dec 17 12:52:09 2018]
Finished job 1.
2 of 3 steps (67%) done

[Mon Dec 17 12:52:09 2018]
rule kallisto_quant:
    input: Tests/reads/a.chr21.1.fq, Tests/reads/a.chr21.2.fq, genome.idx
    output: quantOutput/a
    jobid: 0
    wildcards: sample=a

[Mon Dec 17 12:52:10 2018]
Finished job 0.
3 of 3 steps (100%) done
Complete log: /home/dickel00/FP/Bioinfo/FPBioinformatik/.snakemake/log/2018-12-17T125202.178957.snakemake.log
