Building DAG of jobs...
Using shell: /usr/bin/bash
Provided cores: 1
Rules claiming more threads will be scaled down.
Job counts:
	count	jobs
	1	kallisto_index
	1	kallisto_quant
	2

[Thu Nov 29 17:37:37 2018]
rule kallisto_index:
    input: Tests/ref/genome.chr21.fa
    output: genome.idx
    jobid: 1

Terminating processes on user request, this might take some time.
[Thu Nov 29 17:37:56 2018]
Error in rule kallisto_index:
    jobid: 1
    output: genome.idx

RuleException:
CalledProcessError in line 9 of /home/dickel00/FP/Bioinfo/FPBioinformatik/Snakefile:
Command ' set -euo pipefail;  kallisto index -i genome.idx Tests/ref/genome.chr21.fa ' died with <Signals.SIGINT: 2>.
  File "/home/dickel00/FP/Bioinfo/FPBioinformatik/Snakefile", line 9, in __rule_kallisto_index
  File "/home/dickel00/miniconda3/envs/snakemake-tutorial/lib/python3.6/concurrent/futures/thread.py", line 56, in run
Complete log: /home/dickel00/FP/Bioinfo/FPBioinformatik/.snakemake/log/2018-11-29T173737.150612.snakemake.log
