Building DAG of jobs...
Using shell: /usr/bin/bash
Provided cores: 1
Rules claiming more threads will be scaled down.
Job counts:
	count	jobs
	4	kallisto_quant
	4

[Thu Dec 20 15:06:05 2018]
rule kallisto_quant:
    input: Tests/reads/b.chr21.1.fq, Tests/reads/b.chr21.2.fq, genome.idx
    output: quantOutput/b
    jobid: 0
    wildcards: sample=b

[Thu Dec 20 15:06:06 2018]
Finished job 0.
1 of 4 steps (25%) done

[Thu Dec 20 15:06:06 2018]
rule kallisto_quant:
    input: Tests/reads/b.chr21.1.fq, Tests/reads/b.chr21.2.fq, genome.idx
    output: quantOutput/d
    jobid: 1
    wildcards: sample=d

[Thu Dec 20 15:06:07 2018]
Finished job 1.
2 of 4 steps (50%) done

[Thu Dec 20 15:06:07 2018]
rule kallisto_quant:
    input: Tests/reads/a.chr21.1.fq, Tests/reads/a.chr21.2.fq, genome.idx
    output: quantOutput/a
    jobid: 2
    wildcards: sample=a

[Thu Dec 20 15:06:08 2018]
Finished job 2.
3 of 4 steps (75%) done

[Thu Dec 20 15:06:08 2018]
rule kallisto_quant:
    input: Tests/reads/a.chr21.1.fq, Tests/reads/a.chr21.2.fq, genome.idx
    output: quantOutput/c
    jobid: 3
    wildcards: sample=c

[Thu Dec 20 15:06:10 2018]
Finished job 3.
4 of 4 steps (100%) done
Complete log: /home/dickel00/FP/Bioinfo/FPBioinformatik/.snakemake/log/2018-12-20T150605.037650.snakemake.log
