Building DAG of jobs...
Using shell: /usr/bin/bash
Provided cores: 1
Rules claiming more threads will be scaled down.
Job counts:
	count	jobs
	3	kallisto_quant
	3

[Thu Dec 20 14:49:10 2018]
rule kallisto_quant:
    input: Tests/reads/b.chr21.1.fq, Tests/reads/b.chr21.2.fq, genome.idx
    output: quantOutput/b
    jobid: 1
    wildcards: sample=b

[Thu Dec 20 14:49:11 2018]
Finished job 1.
1 of 3 steps (33%) done

[Thu Dec 20 14:49:11 2018]
rule kallisto_quant:
    input: Tests/reads/a.chr21.1.fq, Tests/reads/a.chr21.2.fq, genome.idx
    output: quantOutput/a
    jobid: 0
    wildcards: sample=a

[Thu Dec 20 14:49:12 2018]
Finished job 0.
2 of 3 steps (67%) done

[Thu Dec 20 14:49:12 2018]
rule kallisto_quant:
    input: Tests/reads/a.chr21.1.fq, Tests/reads/a.chr21.2.fq, genome.idx
    output: quantOutput/c
    jobid: 2
    wildcards: sample=c

[Thu Dec 20 14:49:13 2018]
Finished job 2.
3 of 3 steps (100%) done
Complete log: /home/dickel00/FP/Bioinfo/FPBioinformatik/.snakemake/log/2018-12-20T144909.989511.snakemake.log
