Building DAG of jobs...
Creating conda environment envs/sleuth.yaml...
Downloading remote packages.
Environment for envs/sleuth.yaml created (location: .snakemake/conda/7bf80ada)
Using shell: /usr/bin/bash
Provided cores: 1
Rules claiming more threads will be scaled down.
Job counts:
	count	jobs
	1	pvalue_hist
	1

[Thu Jan 10 14:53:57 2019]
rule pvalue_hist:
    input: sleuth_results.tsv
    output: plots/p-values_histogramm.pdf
    jobid: 0

Activating conda environment: /home/dickel00/FP/Bioinfo/FPBioinformatik/.snakemake/conda/7bf80ada
[Thu Jan 10 14:53:59 2019]
Finished job 0.
1 of 1 steps (100%) done
Complete log: /home/dickel00/FP/Bioinfo/FPBioinformatik/.snakemake/log/2019-01-10T145228.752669.snakemake.log
